!SESSION 2016-01-15 16:01:15.415 -----------------------------------------------
eclipse.buildId=unknown
java.version=1.8.0_65
java.vendor=Oracle Corporation
BootLoader constants: OS=win32, ARCH=x86_64, WS=win32, NL=fr_FR
Command-line arguments:  -clean

!ENTRY org.eclipse.osgi 4 0 2016-01-15 16:01:15.416
!MESSAGE Bundle /opt/eclipse-ide/eclipse-osgi//plugins/org.apache.felix.gogo.command_0.10.0.v201209301215.jar@start not found.

!ENTRY org.eclipse.osgi 4 0 2016-01-15 16:01:15.417
!MESSAGE Bundle /opt/eclipse-ide/eclipse-osgi//plugins/org.eclipse.equinox.console_1.1.100.v20141023-1406.jar@start not found.

!ENTRY org.eclipse.osgi 4 0 2016-01-15 16:01:15.418
!MESSAGE Bundle /opt/eclipse-ide/eclipse-osgi//plugins/org.apache.felix.gogo.runtime_0.10.0.v201209301036.jar@start not found.

!ENTRY org.eclipse.osgi 4 0 2016-01-15 16:01:15.419
!MESSAGE Bundle /opt/eclipse-ide/eclipse-osgi//plugins/org.apache.felix.gogo.shell_0.10.0.v201212101605.jar@start not found.

!ENTRY org.eclipse.osgi 4 0 2016-01-15 16:01:15.419
!MESSAGE Bundle /opt/eclipse-ide/eclipse-osgi//plugins/org.apache.log4j_1.2.15.v201012070815.jar@start not found.

!ENTRY org.eclipse.osgi 4 0 2016-01-15 16:01:15.453
!MESSAGE Could not find bundle: org.eclipse.equinox.console
!STACK 0
org.osgi.framework.BundleException: Could not find bundle: org.eclipse.equinox.console
	at org.eclipse.core.runtime.internal.adaptor.ConsoleManager.checkForConsoleBundle(ConsoleManager.java:58)
	at org.eclipse.core.runtime.adaptor.EclipseStarter.startup(EclipseStarter.java:331)
	at m2dl.osgi.main.MainOSGi.startOSGiFramework(MainOSGi.java:71)
	at m2dl.osgi.main.MainOSGi.main(MainOSGi.java:33)
