!SESSION 2016-01-07 15:45:11.244 -----------------------------------------------
eclipse.buildId=unknown
java.version=1.8.0_66
java.vendor=Oracle Corporation
BootLoader constants: OS=linux, ARCH=x86_64, WS=gtk, NL=fr_FR
Command-line arguments:  -clean

!ENTRY org.eclipse.osgi 4 0 2016-01-07 15:45:11.245
!MESSAGE Bundle /opt/eclipse-ide/eclipse-rcp//plugins/org.apache.felix.gogo.command_0.10.0.v201209301215.jar@start not found.

!ENTRY org.eclipse.osgi 4 0 2016-01-07 15:45:11.245
!MESSAGE Bundle /opt/eclipse-ide/eclipse-rcp//plugins/org.eclipse.equinox.console_1.1.100.v20141023-1406.jar@start not found.

!ENTRY org.eclipse.osgi 4 0 2016-01-07 15:45:11.246
!MESSAGE Bundle /opt/eclipse-ide/eclipse-rcp//plugins/org.apache.felix.gogo.runtime_0.10.0.v201209301036.jar@start not found.

!ENTRY org.eclipse.osgi 4 0 2016-01-07 15:45:11.246
!MESSAGE Bundle /opt/eclipse-ide/eclipse-rcp//plugins/org.apache.felix.gogo.shell_0.10.0.v201212101605.jar@start not found.

!ENTRY org.eclipse.osgi 4 0 2016-01-07 15:45:11.246
!MESSAGE Bundle /opt/eclipse-ide/eclipse-rcp//plugins/org.apache.log4j_1.2.15.v201012070815.jar@start not found.

!ENTRY org.eclipse.osgi 4 0 2016-01-07 15:45:11.263
!MESSAGE Could not find bundle: org.eclipse.equinox.console
!STACK 0
org.osgi.framework.BundleException: Could not find bundle: org.eclipse.equinox.console
	at org.eclipse.core.runtime.internal.adaptor.ConsoleManager.checkForConsoleBundle(ConsoleManager.java:58)
	at org.eclipse.core.runtime.adaptor.EclipseStarter.startup(EclipseStarter.java:331)
	at m2dl.osgi.main.MainOSGi.startOSGiFramework(MainOSGi.java:72)
	at m2dl.osgi.main.MainOSGi.main(MainOSGi.java:34)
